12:53:31.471 skipping bootstrap configuration: could not find or read file: classpath:karate-config.js
12:53:31.800 request:
1 > GET https://reqres.in/api/users/2
1 > Accept-Encoding: gzip,deflate
1 > Connection: Keep-Alive
1 > Host: reqres.in
1 > User-Agent: Apache-HttpClient/4.5.11 (Java/14.0.1)

12:53:32.884 response time in milliseconds: 1080.86
1 < 200
1 < Access-Control-Allow-Origin: *
1 < Age: 2149
1 < CF-Cache-Status: HIT
1 < CF-RAY: 5a7439782dbe6a71-LHR
1 < Cache-Control: max-age=14400
1 < Connection: keep-alive
1 < Content-Type: application/json; charset=utf-8
1 < Date: Mon, 22 Jun 2020 07:23:32 GMT
1 < Etag: W/"173-1Z8bn0V7UjH6FK7NCaza1ccWXQk"
1 < Expect-CT: max-age=604800, report-uri="https://report-uri.cloudflare.com/cdn-cgi/beacon/expect-ct"
1 < Server: cloudflare
1 < Set-Cookie: __cfduid=d229353e8d80816f4e79dbb6d382d0edb1592810612; expires=Wed, 22-Jul-20 07:23:32 GMT; path=/; domain=.reqres.in; HttpOnly; SameSite=Lax; Secure
1 < Transfer-Encoding: chunked
1 < Vary: Accept-Encoding
1 < Via: 1.1 vegur
1 < X-Powered-By: Express
1 < cf-request-id: 037c823f1600006a719587c200000001
{"data":{"id":2,"email":"janet.weaver@reqres.in","first_name":"Janet","last_name":"Weaver","avatar":"https://s3.amazonaws.com/uifaces/faces/twitter/josephstein/128.jpg"},"ad":{"company":"StatusCode Weekly","url":"http://statuscode.org/","text":"A weekly newsletter focusing on software development, infrastructure, the server, performance, and the stack end of things."}}

12:53:33.105 skipping bootstrap configuration: could not find or read file: classpath:karate-config.js
12:53:33.108 request:
1 > GET https://reqres.in/api/users/2
1 > Accept-Encoding: gzip,deflate
1 > Connection: Keep-Alive
1 > Host: reqres.in
1 > User-Agent: Apache-HttpClient/4.5.11 (Java/14.0.1)

12:53:33.978 response time in milliseconds: 869.84
1 < 200
1 < Access-Control-Allow-Origin: *
1 < Age: 2150
1 < CF-Cache-Status: HIT
1 < CF-RAY: 5a74397f29a2074e-LHR
1 < Cache-Control: max-age=14400
1 < Connection: keep-alive
1 < Content-Type: application/json; charset=utf-8
1 < Date: Mon, 22 Jun 2020 07:23:33 GMT
1 < Etag: W/"173-1Z8bn0V7UjH6FK7NCaza1ccWXQk"
1 < Expect-CT: max-age=604800, report-uri="https://report-uri.cloudflare.com/cdn-cgi/beacon/expect-ct"
1 < Server: cloudflare
1 < Set-Cookie: __cfduid=d0a7fad862c4465151522447a7d8f8d6f1592810613; expires=Wed, 22-Jul-20 07:23:33 GMT; path=/; domain=.reqres.in; HttpOnly; SameSite=Lax; Secure
1 < Transfer-Encoding: chunked
1 < Vary: Accept-Encoding
1 < Via: 1.1 vegur
1 < X-Powered-By: Express
1 < cf-request-id: 037c8243790000074ece80e200000001
{"data":{"id":2,"email":"janet.weaver@reqres.in","first_name":"Janet","last_name":"Weaver","avatar":"https://s3.amazonaws.com/uifaces/faces/twitter/josephstein/128.jpg"},"ad":{"company":"StatusCode Weekly","url":"http://statuscode.org/","text":"A weekly newsletter focusing on software development, infrastructure, the server, performance, and the stack end of things."}}

